<?xml version="1.0" encoding="UTF-8"?>
<coverage generated="1684501885627" clover="3.2.0">
  <project timestamp="1684501885628" name="All files">
    <metrics statements="12" coveredstatements="12" conditionals="4" coveredconditionals="4" methods="4" coveredmethods="4" elements="20" coveredelements="20" complexity="0" loc="12" ncloc="12" packages="1" files="2" classes="2"/>
    <file name="app.js" path="D:\FRONT\homework3\unit-test\src\js\app.js">
      <metrics statements="8" coveredstatements="8" conditionals="4" coveredconditionals="4" methods="3" coveredmethods="3"/>
      <line num="4" count="2" type="stmt"/>
      <line num="6" count="2" type="stmt"/>
      <line num="16" count="3" type="cond" truecount="2" falsecount="0"/>
      <line num="17" count="1" type="stmt"/>
      <line num="18" count="2" type="cond" truecount="2" falsecount="0"/>
      <line num="19" count="1" type="stmt"/>
      <line num="21" count="1" type="stmt"/>
      <line num="26" count="9" type="stmt"/>
    </file>
    <file name="basic.js" path="D:\FRONT\homework3\unit-test\src\js\basic.js">
      <metrics statements="4" coveredstatements="4" conditionals="0" coveredconditionals="0" methods="1" coveredmethods="1"/>
      <line num="2" count="2" type="stmt"/>
      <line num="3" count="2" type="stmt"/>
      <line num="4" count="4" type="stmt"/>
      <line num="6" count="2" type="stmt"/>
    </file>
  </project>
</coverage>
