<?xml version="1.0" encoding="UTF-8"?>
<coverage generated="1684499465707" clover="3.2.0">
  <project timestamp="1684499465707" name="All files">
    <metrics statements="16" coveredstatements="13" conditionals="4" coveredconditionals="4" methods="6" coveredmethods="3" elements="26" coveredelements="20" complexity="0" loc="16" ncloc="16" packages="1" files="4" classes="4"/>
    <file name="app.js" path="D:\FRONT\homework3\unit-test\src\js\app.js">
      <metrics statements="7" coveredstatements="7" conditionals="4" coveredconditionals="4" methods="1" coveredmethods="1"/>
      <line num="4" count="1" type="stmt"/>
      <line num="6" count="1" type="stmt"/>
      <line num="16" count="3" type="cond" truecount="2" falsecount="0"/>
      <line num="17" count="1" type="stmt"/>
      <line num="18" count="2" type="cond" truecount="2" falsecount="0"/>
      <line num="19" count="1" type="stmt"/>
      <line num="21" count="1" type="stmt"/>
    </file>
    <file name="basic.js" path="D:\FRONT\homework3\unit-test\src\js\basic.js">
      <metrics statements="4" coveredstatements="4" conditionals="0" coveredconditionals="0" methods="1" coveredmethods="1"/>
      <line num="2" count="2" type="stmt"/>
      <line num="3" count="2" type="stmt"/>
      <line num="4" count="5" type="stmt"/>
      <line num="6" count="2" type="stmt"/>
    </file>
    <file name="http.js" path="D:\FRONT\homework3\unit-test\src\js\http.js">
      <metrics statements="2" coveredstatements="0" conditionals="0" coveredconditionals="0" methods="2" coveredmethods="0"/>
      <line num="2" count="0" type="stmt"/>
      <line num="6" count="0" type="stmt"/>
    </file>
    <file name="user.js" path="D:\FRONT\homework3\unit-test\src\js\user.js">
      <metrics statements="3" coveredstatements="2" conditionals="0" coveredconditionals="0" methods="2" coveredmethods="1"/>
      <line num="4" count="1" type="stmt"/>
      <line num="5" count="1" type="stmt"/>
      <line num="10" count="0" type="stmt"/>
    </file>
  </project>
</coverage>
