TN:
SF:src\js\app.js
FN:15,getHealthStatus
FNF:1
FNH:1
FNDA:3,getHealthStatus
DA:4,1
DA:6,1
DA:16,3
DA:17,1
DA:18,2
DA:19,1
DA:21,1
LF:7
LH:7
BRDA:16,0,0,1
BRDA:16,0,1,2
BRDA:18,1,0,1
BRDA:18,1,1,1
BRF:4
BRH:4
end_of_record
TN:
SF:src\js\basic.js
FN:1,sum
FNF:1
FNH:1
FNDA:2,sum
DA:2,2
DA:3,2
DA:4,5
DA:6,2
LF:4
LH:4
BRF:0
BRH:0
end_of_record
TN:
SF:src\js\http.js
FN:1,httpGet
FN:5,httpPost
FNF:2
FNH:0
FNDA:0,httpGet
FNDA:0,httpPost
DA:2,0
DA:6,0
LF:2
LH:0
BRF:0
BRH:0
end_of_record
TN:
SF:src\js\user.js
FN:3,loadUser
FN:9,saveUser
FNF:2
FNH:1
FNDA:1,loadUser
FNDA:0,saveUser
DA:4,1
DA:5,1
DA:10,0
LF:3
LH:2
BRF:0
BRH:0
end_of_record
